<?xml version="1.0" encoding="UTF-8"?>
<testng-results skipped="0" failed="0" ignored="0" total="1" passed="1">
  <reporter-output>
  </reporter-output>
  <suite name="Default suite" duration-ms="3641" started-at="2019-05-02T20:35:07Z" finished-at="2019-05-02T20:35:10Z">
    <groups>
    </groups>
    <test name="Default test" duration-ms="3641" started-at="2019-05-02T20:35:07Z" finished-at="2019-05-02T20:35:10Z">
      <class name="tests.SecondAPITest">
        <test-method status="PASS" signature="testGoogleGetPlaceAPI()[pri:0, instance:tests.SecondAPITest@42d80b78]" name="testGoogleGetPlaceAPI" duration-ms="3592" started-at="2019-05-02T20:35:07Z" finished-at="2019-05-02T20:35:10Z">
          <reporter-output>
          </reporter-output>
        </test-method> <!-- testGoogleGetPlaceAPI -->
      </class> <!-- tests.SecondAPITest -->
    </test> <!-- Default test -->
  </suite> <!-- Default suite -->
</testng-results>
